Gato domestico (Felis silvestris catus), animal domestico com idade maxima de 15 anos e peso estimado de 7 quilos.
Gato-leopardo-asiatico (Felis prionailurus bengalensis), animal selvagem com idade maxima de 15 anos e peso estimado de 7 quilos.
Informacao de peso do animal incorreta.
Leao (Panthera leo), animal selvagem com idade maxima de 30 anos e peso estimado de 190 quilos.
Leopardo (Panthera Pardus), animal selvagem com idade maxima de 15 anos e peso estimado de 90 quilos.
Onca-pintada (Panthera onca), animal selvagem com idade maxima de 23 anos e peso estimado de 92 quilos.
Puma (Puma concolor), animal selvagem com idade maxima de 9 anos e peso estimado de 72 quilos.
Jaguatirica (Leopardus pardalis), animal selvagem com idade maxima de 15 anos e peso estimado de 20 quilos.
Lince-iberico (Lynx pardinus), animal selvagem com idade maxima de 13 anos e peso estimado de 27 quilos.
Jaguatirica (Leopardus pardalis), animal selvagem com idade maxima de 15 anos e peso estimado de 20 quilos.
Leopardo (Panthera Pardus), animal selvagem com idade maxima de 15 anos e peso estimado de 90 quilos.
Lince-iberico (Lynx pardinus), animal selvagem com idade maxima de 13 anos e peso estimado de 27 quilos.
Onca-pintada (Panthera onca), animal selvagem com idade maxima de 23 anos e peso estimado de 92 quilos.
Puma (Puma concolor), animal selvagem com idade maxima de 9 anos e peso estimado de 72 quilos.
Leao (Panthera leo), animal selvagem com idade maxima de 30 anos e peso estimado de 190 quilos.
Leopardo (Panthera Pardus), animal selvagem com idade maxima de 15 anos e peso estimado de 90 quilos.
Onca-pintada (Panthera onca), animal selvagem com idade maxima de 23 anos e peso estimado de 92 quilos.
Tigre (Panthera tigris), animal selvagem com idade maxima de 25 anos e peso estimado de 290 quilos.
Informacao de peso do animal incorreta.
-----
Puma (Puma concolor), animal selvagem com idade maxima de 9 anos e peso estimado de 72 quilos.
Lince-iberico (Lynx pardinus), animal selvagem com idade maxima de 13 anos e peso estimado de 27 quilos.
Gato-leopardo-asiatico (Felis prionailurus bengalensis), animal selvagem com idade maxima de 15 anos e peso estimado de 7 quilos.
Gato domestico (Felis silvestris catus), animal domestico com idade maxima de 15 anos e peso estimado de 7 quilos.
Jaguatirica (Leopardus pardalis), animal selvagem com idade maxima de 15 anos e peso estimado de 20 quilos.
Leopardo (Panthera Pardus), animal selvagem com idade maxima de 15 anos e peso estimado de 90 quilos.
Onca-pintada (Panthera onca), animal selvagem com idade maxima de 23 anos e peso estimado de 92 quilos.
Tigre (Panthera tigris), animal selvagem com idade maxima de 25 anos e peso estimado de 290 quilos.
Leao (Panthera leo), animal selvagem com idade maxima de 30 anos e peso estimado de 190 quilos.
[NUM_COMPARACOES] [87]
